-- Install configuration: ""
-- Up-to-date: /home/sam/lkwrbot/ros2_ws/install/lkwrbot_description/share/lkwrbot_description/urdf
-- Installing: /home/sam/lkwrbot/ros2_ws/install/lkwrbot_description/share/lkwrbot_description/urdf/lkwrbot.urdf
-- Up-to-date: /home/sam/lkwrbot/ros2_ws/install/lkwrbot_description/share/lkwrbot_description/urdf/gazebo.xacro
-- Up-to-date: /home/sam/lkwrbot/ros2_ws/install/lkwrbot_description/share/lkwrbot_description/urdf/ros2_control.xacro
-- Up-to-date: /home/sam/lkwrbot/ros2_ws/install/lkwrbot_description/share/lkwrbot_description/urdf/lkwrbot.xacro
-- Up-to-date: /home/sam/lkwrbot/ros2_ws/install/lkwrbot_description/share/lkwrbot_description/urdf/materials.xacro
-- Up-to-date: /home/sam/lkwrbot/ros2_ws/install/lkwrbot_description/share/lkwrbot_description/rviz
-- Up-to-date: /home/sam/lkwrbot/ros2_ws/install/lkwrbot_description/share/lkwrbot_description/rviz/lkwrbot.rviz
-- Up-to-date: /home/sam/lkwrbot/ros2_ws/install/lkwrbot_description/share/lkwrbot_description/launch
-- Up-to-date: /home/sam/lkwrbot/ros2_ws/install/lkwrbot_description/share/lkwrbot_description/launch/display.launch.py
-- Up-to-date: /home/sam/lkwrbot/ros2_ws/install/lkwrbot_description/share/ament_index/resource_index/package_run_dependencies/lkwrbot_description
-- Up-to-date: /home/sam/lkwrbot/ros2_ws/install/lkwrbot_description/share/ament_index/resource_index/parent_prefix_path/lkwrbot_description
-- Up-to-date: /home/sam/lkwrbot/ros2_ws/install/lkwrbot_description/share/lkwrbot_description/environment/ament_prefix_path.sh
-- Up-to-date: /home/sam/lkwrbot/ros2_ws/install/lkwrbot_description/share/lkwrbot_description/environment/ament_prefix_path.dsv
-- Up-to-date: /home/sam/lkwrbot/ros2_ws/install/lkwrbot_description/share/lkwrbot_description/environment/path.sh
-- Up-to-date: /home/sam/lkwrbot/ros2_ws/install/lkwrbot_description/share/lkwrbot_description/environment/path.dsv
-- Up-to-date: /home/sam/lkwrbot/ros2_ws/install/lkwrbot_description/share/lkwrbot_description/local_setup.bash
-- Up-to-date: /home/sam/lkwrbot/ros2_ws/install/lkwrbot_description/share/lkwrbot_description/local_setup.sh
-- Up-to-date: /home/sam/lkwrbot/ros2_ws/install/lkwrbot_description/share/lkwrbot_description/local_setup.zsh
-- Up-to-date: /home/sam/lkwrbot/ros2_ws/install/lkwrbot_description/share/lkwrbot_description/local_setup.dsv
-- Installing: /home/sam/lkwrbot/ros2_ws/install/lkwrbot_description/share/lkwrbot_description/package.dsv
-- Up-to-date: /home/sam/lkwrbot/ros2_ws/install/lkwrbot_description/share/ament_index/resource_index/packages/lkwrbot_description
-- Up-to-date: /home/sam/lkwrbot/ros2_ws/install/lkwrbot_description/share/lkwrbot_description/cmake/lkwrbot_descriptionConfig.cmake
-- Up-to-date: /home/sam/lkwrbot/ros2_ws/install/lkwrbot_description/share/lkwrbot_description/cmake/lkwrbot_descriptionConfig-version.cmake
-- Up-to-date: /home/sam/lkwrbot/ros2_ws/install/lkwrbot_description/share/lkwrbot_description/package.xml
