[0.112s] DEBUG:colcon:Command line arguments: ['/usr/bin/colcon', 'build']
[0.112s] DEBUG:colcon:Parsed command line arguments: Namespace(log_base=None, log_level=None, verb_name='build', build_base='build', install_base='install', merge_install=False, symlink_install=False, test_result_base=None, continue_on_error=False, executor='parallel', parallel_workers=14, event_handlers=None, ignore_user_meta=False, metas=['./colcon.meta'], base_paths=['.'], packages_ignore=None, packages_ignore_regex=None, paths=None, packages_up_to=None, packages_up_to_regex=None, packages_above=None, packages_above_and_dependencies=None, packages_above_depth=None, packages_select_by_dep=None, packages_skip_by_dep=None, packages_skip_up_to=None, packages_select_build_failed=False, packages_skip_build_finished=False, packages_select_test_failures=False, packages_skip_test_passed=False, packages_select=None, packages_skip=None, packages_select_regex=None, packages_skip_regex=None, packages_start=None, packages_end=None, cmake_args=None, cmake_target=None, cmake_target_skip_unavailable=False, cmake_clean_cache=False, cmake_clean_first=False, cmake_force_configure=False, ament_cmake_args=None, catkin_cmake_args=None, catkin_skip_building_tests=False, verb_parser=<colcon_defaults.argument_parser.defaults.DefaultArgumentsDecorator object at 0x7503974b4e00>, verb_extension=<colcon_core.verb.build.BuildVerb object at 0x7503974b4b90>, main=<bound method BuildVerb.main of <colcon_core.verb.build.BuildVerb object at 0x7503974b4b90>>)
[0.152s] Level 1:colcon.colcon_core.package_discovery:discover_packages(colcon_meta) check parameters
[0.152s] Level 1:colcon.colcon_core.package_discovery:discover_packages(recursive) check parameters
[0.152s] Level 1:colcon.colcon_core.package_discovery:discover_packages(ignore) check parameters
[0.152s] Level 1:colcon.colcon_core.package_discovery:discover_packages(path) check parameters
[0.152s] Level 1:colcon.colcon_core.package_discovery:discover_packages(colcon_meta) discover
[0.152s] Level 1:colcon.colcon_core.package_discovery:discover_packages(recursive) discover
[0.152s] INFO:colcon.colcon_core.package_discovery:Crawling recursively for packages in '/home/sam/lkwrbot/ros2_ws'
[0.153s] Level 1:colcon.colcon_core.package_identification:_identify(.) by extensions ['ignore', 'ignore_ament_install']
[0.153s] Level 1:colcon.colcon_core.package_identification:_identify(.) by extension 'ignore'
[0.153s] Level 1:colcon.colcon_core.package_identification:_identify(.) by extension 'ignore_ament_install'
[0.153s] Level 1:colcon.colcon_core.package_identification:_identify(.) by extensions ['colcon_pkg']
[0.153s] Level 1:colcon.colcon_core.package_identification:_identify(.) by extension 'colcon_pkg'
[0.153s] Level 1:colcon.colcon_core.package_identification:_identify(.) by extensions ['colcon_meta']
[0.153s] Level 1:colcon.colcon_core.package_identification:_identify(.) by extension 'colcon_meta'
[0.153s] Level 1:colcon.colcon_core.package_identification:_identify(.) by extensions ['ros']
[0.153s] Level 1:colcon.colcon_core.package_identification:_identify(.) by extension 'ros'
[0.179s] Level 1:colcon.colcon_core.package_identification:_identify(.) by extensions ['cmake', 'python']
[0.179s] Level 1:colcon.colcon_core.package_identification:_identify(.) by extension 'cmake'
[0.179s] Level 1:colcon.colcon_core.package_identification:_identify(.) by extension 'python'
[0.179s] Level 1:colcon.colcon_core.package_identification:_identify(.) by extensions ['python_setup_py']
[0.179s] Level 1:colcon.colcon_core.package_identification:_identify(.) by extension 'python_setup_py'
[0.179s] Level 1:colcon.colcon_core.package_identification:_identify(build) by extensions ['ignore', 'ignore_ament_install']
[0.179s] Level 1:colcon.colcon_core.package_identification:_identify(build) by extension 'ignore'
[0.179s] Level 1:colcon.colcon_core.package_identification:_identify(build) ignored
[0.179s] Level 1:colcon.colcon_core.package_identification:_identify(install) by extensions ['ignore', 'ignore_ament_install']
[0.179s] Level 1:colcon.colcon_core.package_identification:_identify(install) by extension 'ignore'
[0.179s] Level 1:colcon.colcon_core.package_identification:_identify(install) ignored
[0.179s] Level 1:colcon.colcon_core.package_identification:_identify(log) by extensions ['ignore', 'ignore_ament_install']
[0.180s] Level 1:colcon.colcon_core.package_identification:_identify(log) by extension 'ignore'
[0.180s] Level 1:colcon.colcon_core.package_identification:_identify(log) ignored
[0.180s] Level 1:colcon.colcon_core.package_identification:_identify(src) by extensions ['ignore', 'ignore_ament_install']
[0.180s] Level 1:colcon.colcon_core.package_identification:_identify(src) by extension 'ignore'
[0.180s] Level 1:colcon.colcon_core.package_identification:_identify(src) by extension 'ignore_ament_install'
[0.180s] Level 1:colcon.colcon_core.package_identification:_identify(src) by extensions ['colcon_pkg']
[0.180s] Level 1:colcon.colcon_core.package_identification:_identify(src) by extension 'colcon_pkg'
[0.180s] Level 1:colcon.colcon_core.package_identification:_identify(src) by extensions ['colcon_meta']
[0.180s] Level 1:colcon.colcon_core.package_identification:_identify(src) by extension 'colcon_meta'
[0.180s] Level 1:colcon.colcon_core.package_identification:_identify(src) by extensions ['ros']
[0.180s] Level 1:colcon.colcon_core.package_identification:_identify(src) by extension 'ros'
[0.180s] Level 1:colcon.colcon_core.package_identification:_identify(src) by extensions ['cmake', 'python']
[0.180s] Level 1:colcon.colcon_core.package_identification:_identify(src) by extension 'cmake'
[0.180s] Level 1:colcon.colcon_core.package_identification:_identify(src) by extension 'python'
[0.180s] Level 1:colcon.colcon_core.package_identification:_identify(src) by extensions ['python_setup_py']
[0.180s] Level 1:colcon.colcon_core.package_identification:_identify(src) by extension 'python_setup_py'
[0.180s] Level 1:colcon.colcon_core.package_identification:_identify(src/lkwrbot_description) by extensions ['ignore', 'ignore_ament_install']
[0.180s] Level 1:colcon.colcon_core.package_identification:_identify(src/lkwrbot_description) by extension 'ignore'
[0.180s] Level 1:colcon.colcon_core.package_identification:_identify(src/lkwrbot_description) by extension 'ignore_ament_install'
[0.180s] Level 1:colcon.colcon_core.package_identification:_identify(src/lkwrbot_description) by extensions ['colcon_pkg']
[0.180s] Level 1:colcon.colcon_core.package_identification:_identify(src/lkwrbot_description) by extension 'colcon_pkg'
[0.181s] Level 1:colcon.colcon_core.package_identification:_identify(src/lkwrbot_description) by extensions ['colcon_meta']
[0.181s] Level 1:colcon.colcon_core.package_identification:_identify(src/lkwrbot_description) by extension 'colcon_meta'
[0.181s] Level 1:colcon.colcon_core.package_identification:_identify(src/lkwrbot_description) by extensions ['ros']
[0.181s] Level 1:colcon.colcon_core.package_identification:_identify(src/lkwrbot_description) by extension 'ros'
[0.184s] DEBUG:colcon.colcon_core.package_identification:Package 'src/lkwrbot_description' with type 'ros.ament_cmake' and name 'lkwrbot_description'
[0.184s] Level 1:colcon.colcon_core.package_discovery:discover_packages(recursive) using defaults
[0.184s] Level 1:colcon.colcon_core.package_discovery:discover_packages(ignore) discover
[0.184s] Level 1:colcon.colcon_core.package_discovery:discover_packages(ignore) using defaults
[0.184s] Level 1:colcon.colcon_core.package_discovery:discover_packages(path) discover
[0.184s] Level 1:colcon.colcon_core.package_discovery:discover_packages(path) using defaults
[0.203s] Level 5:colcon.colcon_core.verb:set package 'lkwrbot_description' build argument 'cmake_args' from command line to 'None'
[0.203s] Level 5:colcon.colcon_core.verb:set package 'lkwrbot_description' build argument 'cmake_target' from command line to 'None'
[0.203s] Level 5:colcon.colcon_core.verb:set package 'lkwrbot_description' build argument 'cmake_target_skip_unavailable' from command line to 'False'
[0.203s] Level 5:colcon.colcon_core.verb:set package 'lkwrbot_description' build argument 'cmake_clean_cache' from command line to 'False'
[0.203s] Level 5:colcon.colcon_core.verb:set package 'lkwrbot_description' build argument 'cmake_clean_first' from command line to 'False'
[0.203s] Level 5:colcon.colcon_core.verb:set package 'lkwrbot_description' build argument 'cmake_force_configure' from command line to 'False'
[0.203s] Level 5:colcon.colcon_core.verb:set package 'lkwrbot_description' build argument 'ament_cmake_args' from command line to 'None'
[0.203s] Level 5:colcon.colcon_core.verb:set package 'lkwrbot_description' build argument 'catkin_cmake_args' from command line to 'None'
[0.203s] Level 5:colcon.colcon_core.verb:set package 'lkwrbot_description' build argument 'catkin_skip_building_tests' from command line to 'False'
[0.203s] DEBUG:colcon.colcon_core.verb:Building package 'lkwrbot_description' with the following arguments: {'ament_cmake_args': None, 'build_base': '/home/sam/lkwrbot/ros2_ws/build/lkwrbot_description', 'catkin_cmake_args': None, 'catkin_skip_building_tests': False, 'cmake_args': None, 'cmake_clean_cache': False, 'cmake_clean_first': False, 'cmake_force_configure': False, 'cmake_target': None, 'cmake_target_skip_unavailable': False, 'install_base': '/home/sam/lkwrbot/ros2_ws/install/lkwrbot_description', 'merge_install': False, 'path': '/home/sam/lkwrbot/ros2_ws/src/lkwrbot_description', 'symlink_install': False, 'test_result_base': None}
[0.203s] INFO:colcon.colcon_core.executor:Executing jobs using 'parallel' executor
[0.205s] DEBUG:colcon.colcon_parallel_executor.executor.parallel:run_until_complete
[0.205s] INFO:colcon.colcon_ros.task.ament_cmake.build:Building ROS package in '/home/sam/lkwrbot/ros2_ws/src/lkwrbot_description' with build type 'ament_cmake'
[0.205s] INFO:colcon.colcon_cmake.task.cmake.build:Building CMake package in '/home/sam/lkwrbot/ros2_ws/src/lkwrbot_description'
[0.207s] INFO:colcon.colcon_core.plugin_system:Skipping extension 'colcon_core.shell.bat': Not used on non-Windows systems
[0.208s] DEBUG:colcon.colcon_core.shell:Skip shell extension 'dsv' for command environment
[0.225s] DEBUG:colcon.colcon_core.event_handler.log_command:Invoking command in '/home/sam/lkwrbot/ros2_ws/build/lkwrbot_description': CMAKE_PREFIX_PATH=${CMAKE_PREFIX_PATH}:/opt/ros/jazzy DEBUGINFOD_URLS=https://debuginfod.ubuntu.com /usr/bin/cmake --build /home/sam/lkwrbot/ros2_ws/build/lkwrbot_description -- -j14 -l14
[0.302s] DEBUG:colcon.colcon_core.event_handler.log_command:Invoked command in '/home/sam/lkwrbot/ros2_ws/build/lkwrbot_description' returned '0': CMAKE_PREFIX_PATH=${CMAKE_PREFIX_PATH}:/opt/ros/jazzy DEBUGINFOD_URLS=https://debuginfod.ubuntu.com /usr/bin/cmake --build /home/sam/lkwrbot/ros2_ws/build/lkwrbot_description -- -j14 -l14
[0.323s] DEBUG:colcon.colcon_core.event_handler.log_command:Invoking command in '/home/sam/lkwrbot/ros2_ws/build/lkwrbot_description': CMAKE_PREFIX_PATH=${CMAKE_PREFIX_PATH}:/opt/ros/jazzy DEBUGINFOD_URLS=https://debuginfod.ubuntu.com /usr/bin/cmake --install /home/sam/lkwrbot/ros2_ws/build/lkwrbot_description
[0.366s] Level 1:colcon.colcon_core.environment:create_environment_scripts_only(lkwrbot_description)
[0.368s] DEBUG:colcon.colcon_core.event_handler.log_command:Invoked command in '/home/sam/lkwrbot/ros2_ws/build/lkwrbot_description' returned '0': CMAKE_PREFIX_PATH=${CMAKE_PREFIX_PATH}:/opt/ros/jazzy DEBUGINFOD_URLS=https://debuginfod.ubuntu.com /usr/bin/cmake --install /home/sam/lkwrbot/ros2_ws/build/lkwrbot_description
[0.372s] Level 1:colcon.colcon_core.environment:checking '/home/sam/lkwrbot/ros2_ws/install/lkwrbot_description' for CMake module files
[0.373s] Level 1:colcon.colcon_core.environment:checking '/home/sam/lkwrbot/ros2_ws/install/lkwrbot_description' for CMake config files
[0.374s] Level 1:colcon.colcon_core.shell:create_environment_hook('lkwrbot_description', 'cmake_prefix_path')
[0.375s] INFO:colcon.colcon_core.shell:Creating environment descriptor '/home/sam/lkwrbot/ros2_ws/install/lkwrbot_description/share/lkwrbot_description/hook/cmake_prefix_path.dsv'
[0.376s] INFO:colcon.colcon_core.shell:Creating environment hook '/home/sam/lkwrbot/ros2_ws/install/lkwrbot_description/share/lkwrbot_description/hook/cmake_prefix_path.sh'
[0.378s] Level 1:colcon.colcon_core.environment:checking '/home/sam/lkwrbot/ros2_ws/install/lkwrbot_description/bin'
[0.378s] Level 1:colcon.colcon_core.environment:checking '/home/sam/lkwrbot/ros2_ws/install/lkwrbot_description/lib/pkgconfig/lkwrbot_description.pc'
[0.382s] Level 1:colcon.colcon_core.environment:checking '/home/sam/lkwrbot/ros2_ws/install/lkwrbot_description/lib/python3.12/site-packages'
[0.383s] Level 1:colcon.colcon_core.environment:checking '/home/sam/lkwrbot/ros2_ws/install/lkwrbot_description/bin'
[0.383s] INFO:colcon.colcon_core.shell:Creating package descriptor '/home/sam/lkwrbot/ros2_ws/install/lkwrbot_description/share/lkwrbot_description/package.dsv'
[0.384s] INFO:colcon.colcon_core.shell:Creating package script '/home/sam/lkwrbot/ros2_ws/install/lkwrbot_description/share/lkwrbot_description/package.sh'
[0.385s] INFO:colcon.colcon_core.shell:Creating package script '/home/sam/lkwrbot/ros2_ws/install/lkwrbot_description/share/lkwrbot_description/package.bash'
[0.386s] INFO:colcon.colcon_core.shell:Creating package script '/home/sam/lkwrbot/ros2_ws/install/lkwrbot_description/share/lkwrbot_description/package.zsh'
[0.387s] Level 1:colcon.colcon_core.environment:create_file_with_runtime_dependencies(/home/sam/lkwrbot/ros2_ws/install/lkwrbot_description/share/colcon-core/packages/lkwrbot_description)
[0.388s] Level 1:colcon.colcon_core.environment:create_environment_scripts_only(lkwrbot_description)
[0.388s] Level 1:colcon.colcon_core.environment:checking '/home/sam/lkwrbot/ros2_ws/install/lkwrbot_description' for CMake module files
[0.389s] Level 1:colcon.colcon_core.environment:checking '/home/sam/lkwrbot/ros2_ws/install/lkwrbot_description' for CMake config files
[0.389s] Level 1:colcon.colcon_core.shell:create_environment_hook('lkwrbot_description', 'cmake_prefix_path')
[0.390s] INFO:colcon.colcon_core.shell:Creating environment descriptor '/home/sam/lkwrbot/ros2_ws/install/lkwrbot_description/share/lkwrbot_description/hook/cmake_prefix_path.dsv'
[0.390s] INFO:colcon.colcon_core.shell:Creating environment hook '/home/sam/lkwrbot/ros2_ws/install/lkwrbot_description/share/lkwrbot_description/hook/cmake_prefix_path.sh'
[0.391s] Level 1:colcon.colcon_core.environment:checking '/home/sam/lkwrbot/ros2_ws/install/lkwrbot_description/bin'
[0.391s] Level 1:colcon.colcon_core.environment:checking '/home/sam/lkwrbot/ros2_ws/install/lkwrbot_description/lib/pkgconfig/lkwrbot_description.pc'
[0.392s] Level 1:colcon.colcon_core.environment:checking '/home/sam/lkwrbot/ros2_ws/install/lkwrbot_description/lib/python3.12/site-packages'
[0.392s] Level 1:colcon.colcon_core.environment:checking '/home/sam/lkwrbot/ros2_ws/install/lkwrbot_description/bin'
[0.393s] INFO:colcon.colcon_core.shell:Creating package descriptor '/home/sam/lkwrbot/ros2_ws/install/lkwrbot_description/share/lkwrbot_description/package.dsv'
[0.393s] INFO:colcon.colcon_core.shell:Creating package script '/home/sam/lkwrbot/ros2_ws/install/lkwrbot_description/share/lkwrbot_description/package.sh'
[0.394s] INFO:colcon.colcon_core.shell:Creating package script '/home/sam/lkwrbot/ros2_ws/install/lkwrbot_description/share/lkwrbot_description/package.bash'
[0.395s] INFO:colcon.colcon_core.shell:Creating package script '/home/sam/lkwrbot/ros2_ws/install/lkwrbot_description/share/lkwrbot_description/package.zsh'
[0.395s] Level 1:colcon.colcon_core.environment:create_file_with_runtime_dependencies(/home/sam/lkwrbot/ros2_ws/install/lkwrbot_description/share/colcon-core/packages/lkwrbot_description)
[0.396s] DEBUG:colcon.colcon_parallel_executor.executor.parallel:closing loop
[0.396s] DEBUG:colcon.colcon_parallel_executor.executor.parallel:loop closed
[0.396s] DEBUG:colcon.colcon_parallel_executor.executor.parallel:run_until_complete finished with '0'
[0.396s] DEBUG:colcon.colcon_core.event_reactor:joining thread
[0.408s] INFO:colcon.colcon_core.plugin_system:Skipping extension 'colcon_notification.desktop_notification.terminal_notifier': Not used on non-Darwin systems
[0.408s] INFO:colcon.colcon_core.plugin_system:Skipping extension 'colcon_notification.desktop_notification.win32': Not used on non-Windows systems
[0.408s] INFO:colcon.colcon_notification.desktop_notification:Sending desktop notification using 'notify2'
[0.433s] DEBUG:colcon.colcon_core.event_reactor:joined thread
[0.434s] INFO:colcon.colcon_core.shell:Creating prefix script '/home/sam/lkwrbot/ros2_ws/install/local_setup.sh'
[0.436s] INFO:colcon.colcon_core.shell:Creating prefix util module '/home/sam/lkwrbot/ros2_ws/install/_local_setup_util_sh.py'
[0.441s] INFO:colcon.colcon_core.shell:Creating prefix chain script '/home/sam/lkwrbot/ros2_ws/install/setup.sh'
[0.444s] INFO:colcon.colcon_core.shell:Creating prefix script '/home/sam/lkwrbot/ros2_ws/install/local_setup.bash'
[0.446s] INFO:colcon.colcon_core.shell:Creating prefix chain script '/home/sam/lkwrbot/ros2_ws/install/setup.bash'
[0.451s] INFO:colcon.colcon_core.shell:Creating prefix script '/home/sam/lkwrbot/ros2_ws/install/local_setup.zsh'
[0.453s] INFO:colcon.colcon_core.shell:Creating prefix chain script '/home/sam/lkwrbot/ros2_ws/install/setup.zsh'
