[0.019s] Invoking command in '/home/sam/lkwrbot/ros2_ws/build/lkwrbot_description': CMAKE_PREFIX_PATH=${CMAKE_PREFIX_PATH}:/opt/ros/jazzy DEBUGINFOD_URLS=https://debuginfod.ubuntu.com /usr/bin/cmake --build /home/sam/lkwrbot/ros2_ws/build/lkwrbot_description -- -j14 -l14
[0.096s] Invoked command in '/home/sam/lkwrbot/ros2_ws/build/lkwrbot_description' returned '0': CMAKE_PREFIX_PATH=${CMAKE_PREFIX_PATH}:/opt/ros/jazzy DEBUGINFOD_URLS=https://debuginfod.ubuntu.com /usr/bin/cmake --build /home/sam/lkwrbot/ros2_ws/build/lkwrbot_description -- -j14 -l14
[0.117s] Invoking command in '/home/sam/lkwrbot/ros2_ws/build/lkwrbot_description': CMAKE_PREFIX_PATH=${CMAKE_PREFIX_PATH}:/opt/ros/jazzy DEBUGINFOD_URLS=https://debuginfod.ubuntu.com /usr/bin/cmake --install /home/sam/lkwrbot/ros2_ws/build/lkwrbot_description
[0.133s] -- Install configuration: ""
[0.134s] -- Execute custom install script
[0.134s] -- Up-to-date symlink: /home/sam/lkwrbot/ros2_ws/install/lkwrbot_description/share/lkwrbot_description/urdf/gazebo.xacro
[0.135s] -- Up-to-date symlink: /home/sam/lkwrbot/ros2_ws/install/lkwrbot_description/share/lkwrbot_description/urdf/lkwrbot.urdf
[0.135s] -- Up-to-date symlink: /home/sam/lkwrbot/ros2_ws/install/lkwrbot_description/share/lkwrbot_description/urdf/lkwrbot.xacro
[0.135s] -- Up-to-date symlink: /home/sam/lkwrbot/ros2_ws/install/lkwrbot_description/share/lkwrbot_description/urdf/materials.xacro
[0.135s] -- Up-to-date symlink: /home/sam/lkwrbot/ros2_ws/install/lkwrbot_description/share/lkwrbot_description/urdf/ros2_control.xacro
[0.136s] -- Up-to-date symlink: /home/sam/lkwrbot/ros2_ws/install/lkwrbot_description/share/lkwrbot_description/rviz/lkwrbot.rviz
[0.136s] -- Up-to-date symlink: /home/sam/lkwrbot/ros2_ws/install/lkwrbot_description/share/lkwrbot_description/rviz/lkwrbot_rviz.png
[0.136s] -- Up-to-date symlink: /home/sam/lkwrbot/ros2_ws/install/lkwrbot_description/share/lkwrbot_description/launch/display.launch.py
[0.137s] -- Up-to-date symlink: /home/sam/lkwrbot/ros2_ws/install/lkwrbot_description/share/ament_index/resource_index/package_run_dependencies/lkwrbot_description
[0.137s] -- Up-to-date symlink: /home/sam/lkwrbot/ros2_ws/install/lkwrbot_description/share/ament_index/resource_index/parent_prefix_path/lkwrbot_description
[0.137s] -- Up-to-date symlink: /home/sam/lkwrbot/ros2_ws/install/lkwrbot_description/share/lkwrbot_description/environment/ament_prefix_path.sh
[0.137s] -- Up-to-date symlink: /home/sam/lkwrbot/ros2_ws/install/lkwrbot_description/share/lkwrbot_description/environment/ament_prefix_path.dsv
[0.137s] -- Up-to-date symlink: /home/sam/lkwrbot/ros2_ws/install/lkwrbot_description/share/lkwrbot_description/environment/path.sh
[0.138s] -- Up-to-date symlink: /home/sam/lkwrbot/ros2_ws/install/lkwrbot_description/share/lkwrbot_description/environment/path.dsv
[0.138s] -- Up-to-date symlink: /home/sam/lkwrbot/ros2_ws/install/lkwrbot_description/share/lkwrbot_description/local_setup.bash
[0.138s] -- Up-to-date symlink: /home/sam/lkwrbot/ros2_ws/install/lkwrbot_description/share/lkwrbot_description/local_setup.sh
[0.138s] -- Up-to-date symlink: /home/sam/lkwrbot/ros2_ws/install/lkwrbot_description/share/lkwrbot_description/local_setup.zsh
[0.139s] -- Up-to-date symlink: /home/sam/lkwrbot/ros2_ws/install/lkwrbot_description/share/lkwrbot_description/local_setup.dsv
[0.139s] -- Symlinking: /home/sam/lkwrbot/ros2_ws/install/lkwrbot_description/share/lkwrbot_description/package.dsv
[0.156s] -- Up-to-date symlink: /home/sam/lkwrbot/ros2_ws/install/lkwrbot_description/share/ament_index/resource_index/packages/lkwrbot_description
[0.157s] -- Up-to-date symlink: /home/sam/lkwrbot/ros2_ws/install/lkwrbot_description/share/lkwrbot_description/cmake/lkwrbot_descriptionConfig.cmake
[0.157s] -- Up-to-date symlink: /home/sam/lkwrbot/ros2_ws/install/lkwrbot_description/share/lkwrbot_description/cmake/lkwrbot_descriptionConfig-version.cmake
[0.157s] -- Up-to-date symlink: /home/sam/lkwrbot/ros2_ws/install/lkwrbot_description/share/lkwrbot_description/package.xml
[0.162s] Invoked command in '/home/sam/lkwrbot/ros2_ws/build/lkwrbot_description' returned '0': CMAKE_PREFIX_PATH=${CMAKE_PREFIX_PATH}:/opt/ros/jazzy DEBUGINFOD_URLS=https://debuginfod.ubuntu.com /usr/bin/cmake --install /home/sam/lkwrbot/ros2_ws/build/lkwrbot_description
