[0.016s] Invoking command in '/home/sam/lkwrbot/ros2_ws/build/lkwrbot_description': CMAKE_PREFIX_PATH=${CMAKE_PREFIX_PATH}:/opt/ros/jazzy DEBUGINFOD_URLS=https://debuginfod.ubuntu.com /usr/bin/cmake /home/sam/lkwrbot/ros2_ws/src/lkwrbot_description -DCMAKE_INSTALL_PREFIX=/home/sam/lkwrbot/ros2_ws/install/lkwrbot_description
[0.043s] -- Found ament_cmake: 2.5.6 (/opt/ros/jazzy/share/ament_cmake/cmake)
[0.411s] -- Override CMake install command with custom implementation using symlinks instead of copying resources
[0.424s] -- Found urdf: 2.10.0 (/opt/ros/jazzy/share/urdf/cmake)
[0.467s] -- Found TinyXML2 via Config file: /usr/lib/x86_64-linux-gnu/cmake/tinyxml2
[0.475s] -- Found xacro: 2.1.1 (/opt/ros/jazzy/share/xacro/cmake)
[0.476s] -- Found ament_lint_auto: 0.17.5 (/opt/ros/jazzy/share/ament_lint_auto/cmake)
[0.627s] -- Added test 'flake8' to check Python code syntax and style conventions
[0.628s] -- Configured 'flake8' exclude dirs and/or files: 
[0.628s] -- Added test 'lint_cmake' to check CMake code style
[0.629s] -- Added test 'pep257' to check Python code against some of the docstring style conventions in PEP 257
[0.630s] -- Added test 'xmllint' to check XML markup files
[0.632s] -- Configuring done (0.6s)
[0.639s] -- Generating done (0.0s)
[0.642s] -- Build files have been written to: /home/sam/lkwrbot/ros2_ws/build/lkwrbot_description
[0.653s] Invoked command in '/home/sam/lkwrbot/ros2_ws/build/lkwrbot_description' returned '0': CMAKE_PREFIX_PATH=${CMAKE_PREFIX_PATH}:/opt/ros/jazzy DEBUGINFOD_URLS=https://debuginfod.ubuntu.com /usr/bin/cmake /home/sam/lkwrbot/ros2_ws/src/lkwrbot_description -DCMAKE_INSTALL_PREFIX=/home/sam/lkwrbot/ros2_ws/install/lkwrbot_description
[0.656s] Invoking command in '/home/sam/lkwrbot/ros2_ws/build/lkwrbot_description': CMAKE_PREFIX_PATH=${CMAKE_PREFIX_PATH}:/opt/ros/jazzy DEBUGINFOD_URLS=https://debuginfod.ubuntu.com /usr/bin/cmake --build /home/sam/lkwrbot/ros2_ws/build/lkwrbot_description -- -j14 -l14
[0.728s] Invoked command in '/home/sam/lkwrbot/ros2_ws/build/lkwrbot_description' returned '0': CMAKE_PREFIX_PATH=${CMAKE_PREFIX_PATH}:/opt/ros/jazzy DEBUGINFOD_URLS=https://debuginfod.ubuntu.com /usr/bin/cmake --build /home/sam/lkwrbot/ros2_ws/build/lkwrbot_description -- -j14 -l14
[0.749s] Invoking command in '/home/sam/lkwrbot/ros2_ws/build/lkwrbot_description': CMAKE_PREFIX_PATH=${CMAKE_PREFIX_PATH}:/opt/ros/jazzy DEBUGINFOD_URLS=https://debuginfod.ubuntu.com /usr/bin/cmake --install /home/sam/lkwrbot/ros2_ws/build/lkwrbot_description
[0.764s] -- Install configuration: ""
[0.765s] -- Execute custom install script
[0.765s] -- Up-to-date symlink: /home/sam/lkwrbot/ros2_ws/install/lkwrbot_description/share/lkwrbot_description/urdf/gazebo.xacro
[0.766s] -- Up-to-date symlink: /home/sam/lkwrbot/ros2_ws/install/lkwrbot_description/share/lkwrbot_description/urdf/lkwrbot.urdf
[0.766s] -- Up-to-date symlink: /home/sam/lkwrbot/ros2_ws/install/lkwrbot_description/share/lkwrbot_description/urdf/lkwrbot.xacro
[0.766s] -- Up-to-date symlink: /home/sam/lkwrbot/ros2_ws/install/lkwrbot_description/share/lkwrbot_description/urdf/materials.xacro
[0.766s] -- Up-to-date symlink: /home/sam/lkwrbot/ros2_ws/install/lkwrbot_description/share/lkwrbot_description/urdf/ros2_control.xacro
[0.767s] -- Up-to-date symlink: /home/sam/lkwrbot/ros2_ws/install/lkwrbot_description/share/lkwrbot_description/rviz/lkwrbot.rviz
[0.767s] -- Symlinking: /home/sam/lkwrbot/ros2_ws/install/lkwrbot_description/share/lkwrbot_description/rviz/lkwrbot_rviz.png
[0.783s] -- Up-to-date symlink: /home/sam/lkwrbot/ros2_ws/install/lkwrbot_description/share/lkwrbot_description/launch/display.launch.py
[0.783s] -- Up-to-date symlink: /home/sam/lkwrbot/ros2_ws/install/lkwrbot_description/share/ament_index/resource_index/package_run_dependencies/lkwrbot_description
[0.784s] -- Up-to-date symlink: /home/sam/lkwrbot/ros2_ws/install/lkwrbot_description/share/ament_index/resource_index/parent_prefix_path/lkwrbot_description
[0.784s] -- Up-to-date symlink: /home/sam/lkwrbot/ros2_ws/install/lkwrbot_description/share/lkwrbot_description/environment/ament_prefix_path.sh
[0.784s] -- Up-to-date symlink: /home/sam/lkwrbot/ros2_ws/install/lkwrbot_description/share/lkwrbot_description/environment/ament_prefix_path.dsv
[0.784s] -- Up-to-date symlink: /home/sam/lkwrbot/ros2_ws/install/lkwrbot_description/share/lkwrbot_description/environment/path.sh
[0.785s] -- Up-to-date symlink: /home/sam/lkwrbot/ros2_ws/install/lkwrbot_description/share/lkwrbot_description/environment/path.dsv
[0.785s] -- Up-to-date symlink: /home/sam/lkwrbot/ros2_ws/install/lkwrbot_description/share/lkwrbot_description/local_setup.bash
[0.785s] -- Up-to-date symlink: /home/sam/lkwrbot/ros2_ws/install/lkwrbot_description/share/lkwrbot_description/local_setup.sh
[0.785s] -- Up-to-date symlink: /home/sam/lkwrbot/ros2_ws/install/lkwrbot_description/share/lkwrbot_description/local_setup.zsh
[0.785s] -- Up-to-date symlink: /home/sam/lkwrbot/ros2_ws/install/lkwrbot_description/share/lkwrbot_description/local_setup.dsv
[0.785s] -- Symlinking: /home/sam/lkwrbot/ros2_ws/install/lkwrbot_description/share/lkwrbot_description/package.dsv
[0.801s] -- Up-to-date symlink: /home/sam/lkwrbot/ros2_ws/install/lkwrbot_description/share/ament_index/resource_index/packages/lkwrbot_description
[0.802s] -- Up-to-date symlink: /home/sam/lkwrbot/ros2_ws/install/lkwrbot_description/share/lkwrbot_description/cmake/lkwrbot_descriptionConfig.cmake
[0.802s] -- Up-to-date symlink: /home/sam/lkwrbot/ros2_ws/install/lkwrbot_description/share/lkwrbot_description/cmake/lkwrbot_descriptionConfig-version.cmake
[0.802s] -- Up-to-date symlink: /home/sam/lkwrbot/ros2_ws/install/lkwrbot_description/share/lkwrbot_description/package.xml
[0.805s] Invoked command in '/home/sam/lkwrbot/ros2_ws/build/lkwrbot_description' returned '0': CMAKE_PREFIX_PATH=${CMAKE_PREFIX_PATH}:/opt/ros/jazzy DEBUGINFOD_URLS=https://debuginfod.ubuntu.com /usr/bin/cmake --install /home/sam/lkwrbot/ros2_ws/build/lkwrbot_description
